[debug] [2019-12-28T09:24:32.727Z] ----------------------------------------------------------------------
[debug] [2019-12-28T09:24:32.728Z] Command:       C:\Program Files\nodejs\node.exe C:\Users\agene\AppData\Roaming\npm\node_modules\firebase-tools\lib\bin\firebase.js deploy
[debug] [2019-12-28T09:24:32.729Z] CLI Version:   7.11.0
[debug] [2019-12-28T09:24:32.729Z] Platform:      win32
[debug] [2019-12-28T09:24:32.729Z] Node Version:  v12.13.1
[debug] [2019-12-28T09:24:32.735Z] Time:          Sat Dec 28 2019 11:24:32 GMT+0200 (GMT+02:00)
[debug] [2019-12-28T09:24:32.735Z] ----------------------------------------------------------------------
[debug] [2019-12-28T09:24:32.735Z] 
[debug] [2019-12-28T09:24:32.752Z] > command requires scopes: ["email","openid","https://www.googleapis.com/auth/cloudplatformprojects.readonly","https://www.googleapis.com/auth/firebase","https://www.googleapis.com/auth/cloud-platform"]
[debug] [2019-12-28T09:24:32.752Z] > authorizing via signed-in user
[debug] [2019-12-28T09:24:32.753Z] [iam] checking project micro-blog-itc for permissions ["firebase.projects.get","firebasehosting.sites.update"]
[debug] [2019-12-28T09:24:32.754Z] > refreshing access token with scopes: ["email","https://www.googleapis.com/auth/cloud-platform","https://www.googleapis.com/auth/cloudplatformprojects.readonly","https://www.googleapis.com/auth/firebase","openid"]
[debug] [2019-12-28T09:24:32.754Z] >>> HTTP REQUEST POST https://www.googleapis.com/oauth2/v3/token  
 <request body omitted>
[debug] [2019-12-28T09:24:33.222Z] <<< HTTP RESPONSE 200
[debug] [2019-12-28T09:24:33.228Z] >>> HTTP REQUEST POST https://cloudresourcemanager.googleapis.com/v1/projects/micro-blog-itc:testIamPermissions  

[debug] [2019-12-28T09:24:44.487Z] Error: getaddrinfo ENOTFOUND cloudresourcemanager.googleapis.com
    at GetAddrInfoReqWrap.onlookup [as oncomplete] (dns.js:60:26)
[error] 
[error] Error: Server Error. getaddrinfo ENOTFOUND cloudresourcemanager.googleapis.com
